2018-11-20 15:30:46.957  INFO 12956 --- [main] com.lt.workday.WorkdayApplication        : Starting WorkdayApplication on DESKTOP-G6U38F0 with PID 12956 (D:\git\repository\workday\target\classes started by wudon in D:\git\repository\workday)
2018-11-20 15:30:46.959 DEBUG 12956 --- [main] com.lt.workday.WorkdayApplication        : Running with Spring Boot v2.0.6.RELEASE, Spring v5.0.10.RELEASE
2018-11-20 15:30:46.960  INFO 12956 --- [main] com.lt.workday.WorkdayApplication        : The following profiles are active: dev
2018-11-20 15:30:47.009  INFO 12956 --- [main] ConfigServletWebServerApplicationContext : Refreshing org.springframework.boot.web.servlet.context.AnnotationConfigServletWebServerApplicationContext@2a3888c1: startup date [Tue Nov 20 15:30:47 CST 2018]; root of context hierarchy
2018-11-20 15:30:48.005  INFO 12956 --- [main] .s.d.r.c.RepositoryConfigurationDelegate : Multiple Spring Data modules found, entering strict repository configuration mode!
2018-11-20 15:30:48.162  INFO 12956 --- [main] .s.d.r.c.RepositoryConfigurationDelegate : Multiple Spring Data modules found, entering strict repository configuration mode!
2018-11-20 15:30:48.299  INFO 12956 --- [main] o.s.b.f.s.DefaultListableBeanFactory     : Overriding bean definition for bean 'requestMappingHandlerAdapter' with a different definition: replacing [Root bean: class [null]; scope=; abstract=false; lazyInit=false; autowireMode=3; dependencyCheck=0; autowireCandidate=true; primary=false; factoryBeanName=myMvcConfig; factoryMethodName=requestMappingHandlerAdapter; initMethodName=null; destroyMethodName=(inferred); defined in class path resource [com/lt/workday/web/config/MyMvcConfig.class]] with [Root bean: class [null]; scope=; abstract=false; lazyInit=false; autowireMode=3; dependencyCheck=0; autowireCandidate=true; primary=false; factoryBeanName=org.springframework.boot.autoconfigure.web.servlet.WebMvcAutoConfiguration$EnableWebMvcConfiguration; factoryMethodName=requestMappingHandlerAdapter; initMethodName=null; destroyMethodName=(inferred); defined in class path resource [org/springframework/boot/autoconfigure/web/servlet/WebMvcAutoConfiguration$EnableWebMvcConfiguration.class]]
2018-11-20 15:30:48.300  INFO 12956 --- [main] o.s.b.f.s.DefaultListableBeanFactory     : Overriding bean definition for bean 'mvcContentNegotiationManager' with a different definition: replacing [Root bean: class [null]; scope=; abstract=false; lazyInit=false; autowireMode=3; dependencyCheck=0; autowireCandidate=true; primary=false; factoryBeanName=myMvcConfig; factoryMethodName=mvcContentNegotiationManager; initMethodName=null; destroyMethodName=(inferred); defined in class path resource [com/lt/workday/web/config/MyMvcConfig.class]] with [Root bean: class [null]; scope=; abstract=false; lazyInit=false; autowireMode=3; dependencyCheck=0; autowireCandidate=true; primary=false; factoryBeanName=org.springframework.boot.autoconfigure.web.servlet.WebMvcAutoConfiguration$EnableWebMvcConfiguration; factoryMethodName=mvcContentNegotiationManager; initMethodName=null; destroyMethodName=(inferred); defined in class path resource [org/springframework/boot/autoconfigure/web/servlet/WebMvcAutoConfiguration$EnableWebMvcConfiguration.class]]
2018-11-20 15:30:48.395  INFO 12956 --- [main] .s.d.r.c.RepositoryConfigurationDelegate : Multiple Spring Data modules found, entering strict repository configuration mode!
2018-11-20 15:30:48.405  INFO 12956 --- [main] .RepositoryConfigurationExtensionSupport : Spring Data Redis - Could not safely identify store assignment for repository candidate interface com.lt.workday.web.jpa.WorkDayRepository.
2018-11-20 15:30:48.406  INFO 12956 --- [main] .RepositoryConfigurationExtensionSupport : Spring Data Redis - Could not safely identify store assignment for repository candidate interface com.lt.workday.web.jpa.WorkTimeRepository.
2018-11-20 15:30:48.977  INFO 12956 --- [main] trationDelegate$BeanPostProcessorChecker : Bean 'org.springframework.transaction.annotation.ProxyTransactionManagementConfiguration' of type [org.springframework.transaction.annotation.ProxyTransactionManagementConfiguration$$EnhancerBySpringCGLIB$$d5ffa49c] is not eligible for getting processed by all BeanPostProcessors (for example: not eligible for auto-proxying)
2018-11-20 15:30:50.039  INFO 12956 --- [main] o.s.b.w.embedded.tomcat.TomcatWebServer  : Tomcat initialized with port(s): 8080 (http)
2018-11-20 15:30:50.071  INFO 12956 --- [main] o.apache.catalina.core.StandardService   : Starting service [Tomcat]
2018-11-20 15:30:50.072  INFO 12956 --- [main] org.apache.catalina.core.StandardEngine  : Starting Servlet Engine: Apache Tomcat/8.5.34
2018-11-20 15:30:50.084  INFO 12956 --- [localhost-startStop-1] o.a.catalina.core.AprLifecycleListener   : Loaded APR based Apache Tomcat Native library [1.2.17] using APR version [1.6.3].
2018-11-20 15:30:50.085  INFO 12956 --- [localhost-startStop-1] o.a.catalina.core.AprLifecycleListener   : APR capabilities: IPv6 [true], sendfile [true], accept filters [false], random [true].
2018-11-20 15:30:50.085  INFO 12956 --- [localhost-startStop-1] o.a.catalina.core.AprLifecycleListener   : APR/OpenSSL configuration: useAprConnector [false], useOpenSSL [true]
2018-11-20 15:30:51.186  INFO 12956 --- [localhost-startStop-1] o.a.catalina.core.AprLifecycleListener   : OpenSSL successfully initialized [OpenSSL 1.0.2o  27 Mar 2018]
2018-11-20 15:30:51.488  INFO 12956 --- [localhost-startStop-1] org.apache.jasper.servlet.TldScanner     : At least one JAR was scanned for TLDs yet contained no TLDs. Enable debug logging for this logger for a complete list of JARs that were scanned but no TLDs were found in them. Skipping unneeded JARs during scanning can improve startup time and JSP compilation time.
2018-11-20 15:30:51.498  INFO 12956 --- [localhost-startStop-1] o.a.c.c.C.[Tomcat].[localhost].[/]       : Initializing Spring embedded WebApplicationContext
2018-11-20 15:30:51.498  INFO 12956 --- [localhost-startStop-1] o.s.web.context.ContextLoader            : Root WebApplicationContext: initialization completed in 4489 ms
2018-11-20 15:30:51.593  INFO 12956 --- [localhost-startStop-1] o.s.b.w.servlet.ServletRegistrationBean  : Servlet dispatcherServlet mapped to [/]
2018-11-20 15:30:51.600  INFO 12956 --- [localhost-startStop-1] o.s.b.w.servlet.FilterRegistrationBean   : Mapping filter: 'characterEncodingFilter' to: [/*]
2018-11-20 15:30:51.602  INFO 12956 --- [localhost-startStop-1] o.s.b.w.servlet.FilterRegistrationBean   : Mapping filter: 'hiddenHttpMethodFilter' to: [/*]
2018-11-20 15:30:51.602  INFO 12956 --- [localhost-startStop-1] o.s.b.w.servlet.FilterRegistrationBean   : Mapping filter: 'httpPutFormContentFilter' to: [/*]
2018-11-20 15:30:51.602  INFO 12956 --- [localhost-startStop-1] o.s.b.w.servlet.FilterRegistrationBean   : Mapping filter: 'requestContextFilter' to: [/*]
2018-11-20 15:30:51.824  INFO 12956 --- [main] com.zaxxer.hikari.HikariDataSource       : HikariPool-1 - Starting...
2018-11-20 15:30:52.002  INFO 12956 --- [main] com.zaxxer.hikari.HikariDataSource       : HikariPool-1 - Start completed.
2018-11-20 15:30:52.051  INFO 12956 --- [main] j.LocalContainerEntityManagerFactoryBean : Building JPA container EntityManagerFactory for persistence unit 'primaryPersistenceUnit'
2018-11-20 15:30:52.077  INFO 12956 --- [main] o.hibernate.jpa.internal.util.LogHelper  : HHH000204: Processing PersistenceUnitInfo [
	name: primaryPersistenceUnit
	...]
2018-11-20 15:30:52.193  INFO 12956 --- [main] org.hibernate.Version                    : HHH000412: Hibernate Core {5.2.17.Final}
2018-11-20 15:30:52.195  INFO 12956 --- [main] org.hibernate.cfg.Environment            : HHH000206: hibernate.properties not found
2018-11-20 15:30:52.237  INFO 12956 --- [main] o.hibernate.annotations.common.Version   : HCANN000001: Hibernate Commons Annotations {5.0.1.Final}
2018-11-20 15:30:52.380  INFO 12956 --- [main] org.hibernate.dialect.Dialect            : HHH000400: Using dialect: org.hibernate.dialect.MySQL5InnoDBDialect
2018-11-20 15:30:52.585  WARN 12956 --- [main] org.hibernate.id.UUIDHexGenerator        : HHH000409: Using org.hibernate.id.UUIDHexGenerator which does not generate IETF RFC 4122 compliant UUID values; consider using org.hibernate.id.UUIDGenerator instead
2018-11-20 15:30:52.971  INFO 12956 --- [main] j.LocalContainerEntityManagerFactoryBean : Initialized JPA EntityManagerFactory for persistence unit 'primaryPersistenceUnit'
2018-11-20 15:30:54.152  WARN 12956 --- [main] aWebConfiguration$JpaWebMvcConfiguration : spring.jpa.open-in-view is enabled by default. Therefore, database queries may be performed during view rendering. Explicitly configure spring.jpa.open-in-view to disable this warning
2018-11-20 15:30:54.229  INFO 12956 --- [main] s.w.s.m.m.a.RequestMappingHandlerMapping : Mapped "{[/workday/delete],methods=[POST]}" onto public void com.lt.workday.web.rest.WorkDayController.delete(java.lang.String) throws java.text.ParseException
2018-11-20 15:30:54.230  INFO 12956 --- [main] s.w.s.m.m.a.RequestMappingHandlerMapping : Mapped "{[/workday/save],methods=[POST]}" onto public void com.lt.workday.web.rest.WorkDayController.save(java.lang.String) throws java.text.ParseException
2018-11-20 15:30:54.231  INFO 12956 --- [main] s.w.s.m.m.a.RequestMappingHandlerMapping : Mapped "{[/workday/list],methods=[GET]}" onto public java.util.List<com.lt.workday.web.po.WorkDay> com.lt.workday.web.rest.WorkDayController.findList() throws java.text.ParseException
2018-11-20 15:30:54.231  INFO 12956 --- [main] s.w.s.m.m.a.RequestMappingHandlerMapping : Mapped "{[/workday/betweenWorkDays],methods=[GET]}" onto public java.lang.Long com.lt.workday.web.rest.WorkDayController.getBetweenWorkDays(java.lang.String,java.lang.String)
2018-11-20 15:30:54.231  INFO 12956 --- [main] s.w.s.m.m.a.RequestMappingHandlerMapping : Mapped "{[/workday/other],methods=[GET]}" onto public java.lang.String com.lt.workday.web.rest.WorkDayController.getOtherWorkDay(java.lang.String,java.lang.Integer,java.lang.Boolean,java.lang.String) throws java.text.ParseException
2018-11-20 15:30:54.231  INFO 12956 --- [main] s.w.s.m.m.a.RequestMappingHandlerMapping : Mapped "{[/workday/one],methods=[GET]}" onto public com.lt.workday.web.po.WorkDay com.lt.workday.web.rest.WorkDayController.findOne(java.lang.String) throws java.text.ParseException
2018-11-20 15:30:54.232  INFO 12956 --- [main] s.w.s.m.m.a.RequestMappingHandlerMapping : Mapped "{[/workday/otherMinutes],methods=[GET]}" onto public java.lang.String com.lt.workday.web.rest.WorkDayController.getOtherWorkMinutes(java.lang.String,java.lang.Integer,java.lang.Boolean,java.lang.String) throws java.text.ParseException
2018-11-20 15:30:54.232  INFO 12956 --- [main] s.w.s.m.m.a.RequestMappingHandlerMapping : Mapped "{[/workday/betweenWorkMinutes],methods=[GET]}" onto public java.lang.Long com.lt.workday.web.rest.WorkDayController.getBetweenWorkMinutes(java.lang.String,java.lang.String)
2018-11-20 15:30:54.234  INFO 12956 --- [main] s.w.s.m.m.a.RequestMappingHandlerMapping : Mapped "{[/worktime/delete],methods=[POST]}" onto public void com.lt.workday.web.rest.WorkTimeController.delete(java.lang.String) throws java.text.ParseException
2018-11-20 15:30:54.235  INFO 12956 --- [main] s.w.s.m.m.a.RequestMappingHandlerMapping : Mapped "{[/worktime/save],methods=[POST]}" onto public void com.lt.workday.web.rest.WorkTimeController.save(java.lang.Integer,java.lang.Integer,java.lang.Integer,java.lang.Integer,java.lang.Integer,java.lang.Integer,java.lang.Integer,java.lang.Integer) throws java.text.ParseException
2018-11-20 15:30:54.235  INFO 12956 --- [main] s.w.s.m.m.a.RequestMappingHandlerMapping : Mapped "{[/worktime/list],methods=[GET]}" onto public java.util.List<com.lt.workday.web.po.WorkTime> com.lt.workday.web.rest.WorkTimeController.findList() throws java.text.ParseException
2018-11-20 15:30:54.235  INFO 12956 --- [main] s.w.s.m.m.a.RequestMappingHandlerMapping : Mapped "{[/worktime/one],methods=[GET]}" onto public com.lt.workday.web.po.WorkTime com.lt.workday.web.rest.WorkTimeController.findOne(java.lang.String) throws java.text.ParseException
2018-11-20 15:30:54.240  INFO 12956 --- [main] s.w.s.m.m.a.RequestMappingHandlerMapping : Mapped "{[/swagger-resources/configuration/security]}" onto public org.springframework.http.ResponseEntity<springfox.documentation.swagger.web.SecurityConfiguration> springfox.documentation.swagger.web.ApiResourceController.securityConfiguration()
2018-11-20 15:30:54.242  INFO 12956 --- [main] s.w.s.m.m.a.RequestMappingHandlerMapping : Mapped "{[/swagger-resources/configuration/ui]}" onto public org.springframework.http.ResponseEntity<springfox.documentation.swagger.web.UiConfiguration> springfox.documentation.swagger.web.ApiResourceController.uiConfiguration()
2018-11-20 15:30:54.244  INFO 12956 --- [main] s.w.s.m.m.a.RequestMappingHandlerMapping : Mapped "{[/swagger-resources]}" onto public org.springframework.http.ResponseEntity<java.util.List<springfox.documentation.swagger.web.SwaggerResource>> springfox.documentation.swagger.web.ApiResourceController.swaggerResources()
2018-11-20 15:30:54.246  INFO 12956 --- [main] s.w.s.m.m.a.RequestMappingHandlerMapping : Mapped "{[/error]}" onto public org.springframework.http.ResponseEntity<java.util.Map<java.lang.String, java.lang.Object>> org.springframework.boot.autoconfigure.web.servlet.error.BasicErrorController.error(javax.servlet.http.HttpServletRequest)
2018-11-20 15:30:54.247  INFO 12956 --- [main] s.w.s.m.m.a.RequestMappingHandlerMapping : Mapped "{[/error],produces=[text/html]}" onto public org.springframework.web.servlet.ModelAndView org.springframework.boot.autoconfigure.web.servlet.error.BasicErrorController.errorHtml(javax.servlet.http.HttpServletRequest,javax.servlet.http.HttpServletResponse)
2018-11-20 15:30:54.776  INFO 12956 --- [main] s.w.s.m.m.a.RequestMappingHandlerAdapter : Looking for @ControllerAdvice: org.springframework.boot.web.servlet.context.AnnotationConfigServletWebServerApplicationContext@2a3888c1: startup date [Tue Nov 20 15:30:47 CST 2018]; root of context hierarchy
2018-11-20 15:30:54.848  WARN 12956 --- [main] org.thymeleaf.templatemode.TemplateMode  : [THYMELEAF][main] Template Mode 'HTML5' is deprecated. Using Template Mode 'HTML' instead.
2018-11-20 15:30:55.058  INFO 12956 --- [main] pertySourcedRequestMappingHandlerMapping : Mapped URL path [/v2/api-docs] onto method [public org.springframework.http.ResponseEntity<springfox.documentation.spring.web.json.Json> springfox.documentation.swagger2.web.Swagger2Controller.getDocumentation(java.lang.String,javax.servlet.http.HttpServletRequest)]
2018-11-20 15:30:55.141  INFO 12956 --- [main] o.s.w.s.handler.SimpleUrlHandlerMapping  : Mapped URL path [/**/favicon.ico] onto handler of type [class org.springframework.web.servlet.resource.ResourceHttpRequestHandler]
2018-11-20 15:30:55.170  INFO 12956 --- [main] o.s.w.s.handler.SimpleUrlHandlerMapping  : Mapped URL path [/webjars/**] onto handler of type [class org.springframework.web.servlet.resource.ResourceHttpRequestHandler]
2018-11-20 15:30:55.170  INFO 12956 --- [main] o.s.w.s.handler.SimpleUrlHandlerMapping  : Mapped URL path [/**] onto handler of type [class org.springframework.web.servlet.resource.ResourceHttpRequestHandler]
2018-11-20 15:30:55.174  INFO 12956 --- [main] o.s.w.s.handler.SimpleUrlHandlerMapping  : Mapped URL path [/**] onto handler of type [class org.springframework.web.servlet.resource.DefaultServletHttpRequestHandler]
2018-11-20 15:30:55.592  WARN 12956 --- [main] ion$DefaultTemplateResolverConfiguration : Cannot find template location: classpath:/templates (please add some templates or check your Thymeleaf configuration)
2018-11-20 15:30:55.654  INFO 12956 --- [main] o.s.j.e.a.AnnotationMBeanExporter        : Registering beans for JMX exposure on startup
2018-11-20 15:30:55.656  INFO 12956 --- [main] o.s.j.e.a.AnnotationMBeanExporter        : Bean with name 'primaryDataSource' has been autodetected for JMX exposure
2018-11-20 15:30:55.664  INFO 12956 --- [main] o.s.j.e.a.AnnotationMBeanExporter        : Located MBean 'primaryDataSource': registering with JMX server as MBean [com.zaxxer.hikari:name=primaryDataSource,type=HikariDataSource]
2018-11-20 15:30:55.671  INFO 12956 --- [main] o.s.c.support.DefaultLifecycleProcessor  : Starting beans in phase 2147483647
2018-11-20 15:30:55.672  INFO 12956 --- [main] d.s.w.p.DocumentationPluginsBootstrapper : Context refreshed
2018-11-20 15:30:55.702  INFO 12956 --- [main] d.s.w.p.DocumentationPluginsBootstrapper : Found 1 custom documentation plugin(s)
2018-11-20 15:30:55.738  INFO 12956 --- [main] s.d.s.w.s.ApiListingReferenceScanner     : Scanning for api listing references
2018-11-20 15:30:55.934  INFO 12956 --- [main] .d.s.w.r.o.CachingOperationNameGenerator : Generating unique operation named: deleteUsingPOST_1
2018-11-20 15:30:55.941  INFO 12956 --- [main] .d.s.w.r.o.CachingOperationNameGenerator : Generating unique operation named: findListUsingGET_1
2018-11-20 15:30:55.946  INFO 12956 --- [main] .d.s.w.r.o.CachingOperationNameGenerator : Generating unique operation named: findOneUsingGET_1
2018-11-20 15:30:55.953  INFO 12956 --- [main] .d.s.w.r.o.CachingOperationNameGenerator : Generating unique operation named: saveUsingPOST_1
2018-11-20 15:30:56.027  INFO 12956 --- [main] o.s.b.w.embedded.tomcat.TomcatWebServer  : Tomcat started on port(s): 8080 (http) with context path ''
2018-11-20 15:30:56.033  INFO 12956 --- [main] com.lt.workday.WorkdayApplication        : Started WorkdayApplication in 9.596 seconds (JVM running for 10.189)
2018-11-20 15:30:56.074  INFO 12956 --- [main] o.h.h.i.QueryTranslatorFactoryInitiator  : HHH000397: Using ASTQueryTranslatorFactory
